Flow report for controle_onduleur
Tue Jan 21 00:34:56 2020
Quartus Prime Version 18.0.0 Build 614 04/24/2018 SJ Lite Edition


---------------------
; Table of Contents ;
---------------------
  1. Legal Notice
  2. Flow Summary
  3. Flow Settings
  4. Flow Non-Default Global Settings
  5. Flow Elapsed Time
  6. Flow OS Summary
  7. Flow Log
  8. Flow Messages
  9. Flow Suppressed Messages



----------------
; Legal Notice ;
----------------
Copyright (C) 2018  Intel Corporation. All rights reserved.
Your use of Intel Corporation's design tools, logic functions 
and other software and tools, and its AMPP partner logic 
functions, and any output files from any of the foregoing 
(including device programming or simulation files), and any 
associated documentation or information are expressly subject 
to the terms and conditions of the Intel Program License 
Subscription Agreement, the Intel Quartus Prime License Agreement,
the Intel FPGA IP License Agreement, or other applicable license
agreement, including, without limitation, that your use is for
the sole purpose of programming logic devices manufactured by
Intel and sold by Intel or its authorized distributors.  Please
refer to the applicable agreement for further details.



+-------------------------------------------------------------------------------+
; Flow Summary                                                                  ;
+---------------------------------+---------------------------------------------+
; Flow Status                     ; Successful - Tue Jan 21 00:34:56 2020       ;
; Quartus Prime Version           ; 18.0.0 Build 614 04/24/2018 SJ Lite Edition ;
; Revision Name                   ; controle_onduleur                           ;
; Top-level Entity Name           ; core                                        ;
; Family                          ; Cyclone V                                   ;
; Device                          ; 5CSXFC6D6F31C6                              ;
; Timing Models                   ; Final                                       ;
; Logic utilization (in ALMs)     ; 1,245 / 41,910 ( 3 % )                      ;
; Total registers                 ; 2221                                        ;
; Total pins                      ; 138 / 499 ( 28 % )                          ;
; Total virtual pins              ; 0                                           ;
; Total block memory bits         ; 512 / 5,662,720 ( < 1 % )                   ;
; Total DSP Blocks                ; 0 / 112 ( 0 % )                             ;
; Total HSSI RX PCSs              ; 0 / 9 ( 0 % )                               ;
; Total HSSI PMA RX Deserializers ; 0 / 9 ( 0 % )                               ;
; Total HSSI TX PCSs              ; 0 / 9 ( 0 % )                               ;
; Total HSSI PMA TX Serializers   ; 0 / 9 ( 0 % )                               ;
; Total PLLs                      ; 1 / 15 ( 7 % )                              ;
; Total DLLs                      ; 1 / 4 ( 25 % )                              ;
+---------------------------------+---------------------------------------------+


+-----------------------------------------+
; Flow Settings                           ;
+-------------------+---------------------+
; Option            ; Setting             ;
+-------------------+---------------------+
; Start date & time ; 01/21/2020 00:28:26 ;
; Main task         ; Compilation         ;
; Revision Name     ; controle_onduleur   ;
+-------------------+---------------------+


+----------------------------------------------------------------------------------------------------------------------------------------------------------------------------+
; Flow Non-Default Global Settings                                                                                                                                           ;
+---------------------------------------+--------------------------------------------------------------------+-------------------+--------------------------+----------------+
; Assignment Name                       ; Value                                                              ; Default Value     ; Entity Name              ; Section Id     ;
+---------------------------------------+--------------------------------------------------------------------+-------------------+--------------------------+----------------+
; COMPILER_SIGNATURE_ID                 ; 1099318146540.157956290219452                                      ; --                ; --                       ; --             ;
; ECO_REGENERATE_REPORT                 ; On                                                                 ; Off               ; --                       ; --             ;
; EDA_DESIGN_INSTANCE_NAME              ; NA                                                                 ; --                ; --                       ; testbench      ;
; EDA_NATIVELINK_SIMULATION_TEST_BENCH  ; testbench                                                          ; --                ; --                       ; eda_simulation ;
; EDA_OUTPUT_DATA_FORMAT                ; Vhdl                                                               ; --                ; --                       ; eda_simulation ;
; EDA_SIMULATION_TOOL                   ; ModelSim-Altera (VHDL)                                             ; <None>            ; --                       ; --             ;
; EDA_TEST_BENCH_ENABLE_STATUS          ; TEST_BENCH_MODE                                                    ; --                ; --                       ; eda_simulation ;
; EDA_TEST_BENCH_FILE                   ; testbench.vhd                                                      ; --                ; --                       ; testbench      ;
; EDA_TEST_BENCH_MODULE_NAME            ; testbench                                                          ; --                ; --                       ; testbench      ;
; EDA_TEST_BENCH_NAME                   ; testbench                                                          ; --                ; --                       ; eda_simulation ;
; EDA_TEST_BENCH_RUN_SIM_FOR            ; 300 ns                                                             ; --                ; --                       ; testbench      ;
; EDA_TIME_SCALE                        ; 1 ps                                                               ; --                ; --                       ; eda_simulation ;
; HPS_ISW_FILE                          ; core/synthesis/submodules/sequencer/alt_types.pre.h                ; --                ; core_hps_0_hps_io_border ; --             ;
; HPS_ISW_FILE                          ; core/synthesis/submodules/sequencer/emif.pre.xml                   ; --                ; core_hps_0_hps_io_border ; --             ;
; HPS_ISW_FILE                          ; core/synthesis/submodules/sequencer/sdram_io.pre.h                 ; --                ; core_hps_0_hps_io_border ; --             ;
; HPS_ISW_FILE                          ; core/synthesis/submodules/sequencer/sequencer.pre.c                ; --                ; core_hps_0_hps_io_border ; --             ;
; HPS_ISW_FILE                          ; core/synthesis/submodules/sequencer/sequencer.pre.h                ; --                ; core_hps_0_hps_io_border ; --             ;
; HPS_ISW_FILE                          ; core/synthesis/submodules/sequencer/sequencer_auto.pre.h           ; --                ; core_hps_0_hps_io_border ; --             ;
; HPS_ISW_FILE                          ; core/synthesis/submodules/sequencer/sequencer_auto_ac_init.pre.c   ; --                ; core_hps_0_hps_io_border ; --             ;
; HPS_ISW_FILE                          ; core/synthesis/submodules/sequencer/sequencer_auto_inst_init.pre.c ; --                ; core_hps_0_hps_io_border ; --             ;
; HPS_ISW_FILE                          ; core/synthesis/submodules/sequencer/sequencer_defines.pre.h        ; --                ; core_hps_0_hps_io_border ; --             ;
; HPS_ISW_FILE                          ; core/synthesis/submodules/sequencer/system.pre.h                   ; --                ; core_hps_0_hps_io_border ; --             ;
; HPS_ISW_FILE                          ; core/synthesis/submodules/sequencer/tclrpt.pre.c                   ; --                ; core_hps_0_hps_io_border ; --             ;
; HPS_ISW_FILE                          ; core/synthesis/submodules/sequencer/tclrpt.pre.h                   ; --                ; core_hps_0_hps_io_border ; --             ;
; HPS_ISW_FILE                          ; core/synthesis/submodules/hps.pre.xml                              ; --                ; core_hps_0_hps_io_border ; --             ;
; HPS_PARTITION                         ; On                                                                 ; --                ; core_hps_0_hps_io_border ; --             ;
; MAX_CORE_JUNCTION_TEMP                ; 85                                                                 ; --                ; --                       ; --             ;
; MIN_CORE_JUNCTION_TEMP                ; 0                                                                  ; --                ; --                       ; --             ;
; MISC_FILE                             ; core/synthesis/../core.cmp                                         ; --                ; --                       ; --             ;
; MISC_FILE                             ; core/synthesis/../../C                                             ; --                ; --                       ; --             ;
; MISC_FILE                             ; core/synthesis/core_hps_0_hps.svd                                  ; --                ; --                       ; --             ;
; MISC_FILE                             ; core/synthesis/../../core.qsys                                     ; --                ; --                       ; --             ;
; MISC_FILE                             ; core/synthesis/submodules/sequencer/alt_types.pre.h                ; --                ; --                       ; --             ;
; MISC_FILE                             ; core/synthesis/submodules/sequencer/emif.pre.xml                   ; --                ; --                       ; --             ;
; MISC_FILE                             ; core/synthesis/submodules/sequencer/sdram_io.pre.h                 ; --                ; --                       ; --             ;
; MISC_FILE                             ; core/synthesis/submodules/sequencer/sequencer.pre.c                ; --                ; --                       ; --             ;
; MISC_FILE                             ; core/synthesis/submodules/sequencer/sequencer.pre.h                ; --                ; --                       ; --             ;
; MISC_FILE                             ; core/synthesis/submodules/sequencer/sequencer_auto.pre.h           ; --                ; --                       ; --             ;
; MISC_FILE                             ; core/synthesis/submodules/sequencer/sequencer_auto_ac_init.pre.c   ; --                ; --                       ; --             ;
; MISC_FILE                             ; core/synthesis/submodules/sequencer/sequencer_auto_inst_init.pre.c ; --                ; --                       ; --             ;
; MISC_FILE                             ; core/synthesis/submodules/sequencer/sequencer_defines.pre.h        ; --                ; --                       ; --             ;
; MISC_FILE                             ; core/synthesis/submodules/sequencer/system.pre.h                   ; --                ; --                       ; --             ;
; MISC_FILE                             ; core/synthesis/submodules/sequencer/tclrpt.pre.c                   ; --                ; --                       ; --             ;
; MISC_FILE                             ; core/synthesis/submodules/sequencer/tclrpt.pre.h                   ; --                ; --                       ; --             ;
; MISC_FILE                             ; core/synthesis/submodules/hps.pre.xml                              ; --                ; --                       ; --             ;
; PARTITION_COLOR                       ; -- (Not supported for targeted family)                             ; --                ; core                     ; Top            ;
; PARTITION_FITTER_PRESERVATION_LEVEL   ; -- (Not supported for targeted family)                             ; --                ; core                     ; Top            ;
; PARTITION_NETLIST_TYPE                ; -- (Not supported for targeted family)                             ; --                ; core                     ; Top            ;
; POWER_BOARD_THERMAL_MODEL             ; None (CONSERVATIVE)                                                ; --                ; --                       ; --             ;
; POWER_PRESET_COOLING_SOLUTION         ; 23 MM HEAT SINK WITH 200 LFPM AIRFLOW                              ; --                ; --                       ; --             ;
; PROJECT_OUTPUT_DIRECTORY              ; output_files                                                       ; --                ; --                       ; --             ;
; SLD_FILE                              ; core/synthesis/core.regmap                                         ; --                ; --                       ; --             ;
; SLD_FILE                              ; core/synthesis/core.debuginfo                                      ; --                ; --                       ; --             ;
; SLD_INFO                              ; QSYS_NAME core HAS_SOPCINFO 1 GENERATION_ID 1579557539             ; --                ; core                     ; --             ;
; SOPCINFO_FILE                         ; core/synthesis/../../core.sopcinfo                                 ; --                ; --                       ; --             ;
; SYNTHESIS_ONLY_QIP                    ; On                                                                 ; --                ; --                       ; --             ;
; TOP_LEVEL_ENTITY                      ; core                                                               ; controle_onduleur ; --                       ; --             ;
; USE_DLL_FREQUENCY_FOR_DQS_DELAY_CHAIN ; On                                                                 ; Off               ; --                       ; --             ;
+---------------------------------------+--------------------------------------------------------------------+-------------------+--------------------------+----------------+


+--------------------------------------------------------------------------------------------------------------------------+
; Flow Elapsed Time                                                                                                        ;
+----------------------+--------------+-------------------------+---------------------+------------------------------------+
; Module Name          ; Elapsed Time ; Average Processors Used ; Peak Virtual Memory ; Total CPU Time (on all processors) ;
+----------------------+--------------+-------------------------+---------------------+------------------------------------+
; Analysis & Synthesis ; 00:00:52     ; 1.0                     ; 5179 MB             ; 00:01:10                           ;
; Fitter               ; 00:01:51     ; 1.1                     ; 7503 MB             ; 00:03:19                           ;
; Assembler            ; 00:00:13     ; 1.0                     ; 4898 MB             ; 00:00:12                           ;
; Timing Analyzer      ; 00:00:37     ; 1.2                     ; 5653 MB             ; 00:00:43                           ;
; EDA Netlist Writer   ; 00:00:06     ; 1.0                     ; 4949 MB             ; 00:00:07                           ;
; Total                ; 00:03:39     ; --                      ; --                  ; 00:05:31                           ;
+----------------------+--------------+-------------------------+---------------------+------------------------------------+


+------------------------------------------------------------------------------------+
; Flow OS Summary                                                                    ;
+----------------------+------------------+------------+------------+----------------+
; Module Name          ; Machine Hostname ; OS Name    ; OS Version ; Processor type ;
+----------------------+------------------+------------+------------+----------------+
; Analysis & Synthesis ; LAPTOP-JE4BMH21  ; Windows 10 ; 10.0       ; x86_64         ;
; Fitter               ; LAPTOP-JE4BMH21  ; Windows 10 ; 10.0       ; x86_64         ;
; Assembler            ; LAPTOP-JE4BMH21  ; Windows 10 ; 10.0       ; x86_64         ;
; Timing Analyzer      ; LAPTOP-JE4BMH21  ; Windows 10 ; 10.0       ; x86_64         ;
; EDA Netlist Writer   ; LAPTOP-JE4BMH21  ; Windows 10 ; 10.0       ; x86_64         ;
+----------------------+------------------+------------+------------+----------------+


------------
; Flow Log ;
------------
quartus_map --read_settings_files=on --write_settings_files=off controle_onduleur -c controle_onduleur
quartus_fit --read_settings_files=off --write_settings_files=off controle_onduleur -c controle_onduleur
quartus_asm --read_settings_files=off --write_settings_files=off controle_onduleur -c controle_onduleur
quartus_sta controle_onduleur -c controle_onduleur
quartus_eda --read_settings_files=off --write_settings_files=off controle_onduleur -c controle_onduleur



